<?xml version="1.0" encoding="UTF-8"?>
<testng-results skipped="0" failed="0" ignored="0" total="1" passed="1">
  <reporter-output>
  </reporter-output>
  <suite name="Default suite" duration-ms="56622" started-at="2018-02-17T17:16:41Z" finished-at="2018-02-17T17:17:37Z">
    <groups>
    </groups>
    <test name="Default test" duration-ms="56622" started-at="2018-02-17T17:16:41Z" finished-at="2018-02-17T17:17:37Z">
      <class name="com.freeautomationlearning.Tutorial15">
        <test-method status="PASS" signature="getSoapResponse()[pri:0, instance:com.freeautomationlearning.Tutorial15@7c0e2abd]" name="getSoapResponse" duration-ms="56574" started-at="2018-02-17T22:46:41Z" finished-at="2018-02-17T22:47:37Z">
          <reporter-output>
          </reporter-output>
        </test-method> <!-- getSoapResponse -->
      </class> <!-- com.freeautomationlearning.Tutorial15 -->
    </test> <!-- Default test -->
  </suite> <!-- Default suite -->
</testng-results>
